[2025-05-09 09:46:18,007] INFO [root:35] - clear_log_files() - 1개의 로그 파일을 초기화했습니다.
[2025-05-09 09:46:18,007] INFO [root:43] - main() - ================================================================================
[2025-05-09 09:46:18,007] INFO [root:44] - main() - 서버 시작 - 2025-05-09 09:46:18
[2025-05-09 09:46:18,008] INFO [root:45] - main() - 실행 경로: /app
[2025-05-09 09:46:18,008] INFO [root:46] - main() - Python 버전: 3.10.17 (main, Apr 28 2025, 22:09:16) [GCC 12.2.0]
[2025-05-09 09:46:18,008] INFO [root:47] - main() - 명령 인자: ['manage.py', 'runserver', '0.0.0.0:8000']
[2025-05-09 09:46:18,083] DEBUG [root:55] - main() - 환경 변수: {'DATABASE_URL': 'postgres://cvfactory_user:cvfactory_password@db:5432/cvfactory_db', 'HOSTNAME': '53ac15f01ecf', 'SECRET_KEY': 'your_secret_key_for_development', 'DEBUG': 'True', 'HOME': '/root', 'PYTHONUNBUFFERED': '1', 'GPG_KEY': 'A035C8C19219BA821ECEA86B64E628F8D684696D', 'PYTHON_SHA256': '4c68050f049d1b4ac5aadd0df5f27941c0350d2a9e7ab0907ee5eb5225d9d6b0', 'PYTHONDONTWRITEBYTECODE': '1', 'LANG': 'C.UTF-8', 'API_KEY': 'your_dev_api_key', 'DEPLOYMENT_SHA': 'localdev', 'PYTHON_VERSION': '3.10.17', 'PWD': '/app', 'DJANGO_SETTINGS_MODULE': 'cvfactory_project.settings', 'TZ': 'UTC', 'RUN_MAIN': 'true'}
[2025-05-09 09:46:18,083] INFO [root:61] - main() - 설정 모듈: cvfactory_project.settings
[2025-05-09 09:46:18,422] INFO [root:65] - main() - Django 관리 모듈 로드 성공
[2025-05-09 09:46:18,422] WARNING [root:74] - main() - 패키지 버전 확인 중 오류: No module named 'rest_framework'
[2025-05-09 09:46:18,423] INFO [root:77] - main() - 명령 실행: manage.py runserver 0.0.0.0:8000
[2025-05-09 09:46:18,604] ERROR [root:85] - main() - Couldn't import Django. Are you sure it's installed and available on your PYTHONPATH environment variable? Did you forget to activate a virtual environment?
[2025-05-09 09:46:18,604] ERROR [root:86] - main() - ImportError: No module named 'cvfactory_project'
[2025-05-09 09:46:18,609] ERROR [root:87] - main() - 스택 트레이스: Traceback (most recent call last):
  File "/usr/local/lib/python3.10/site-packages/django/core/management/base.py", line 412, in run_from_argv
    self.execute(*args, **cmd_options)
  File "/usr/local/lib/python3.10/site-packages/django/core/management/commands/runserver.py", line 74, in execute
    super().execute(*args, **options)
  File "/usr/local/lib/python3.10/site-packages/django/core/management/base.py", line 458, in execute
    output = self.handle(*args, **options)
  File "/usr/local/lib/python3.10/site-packages/django/core/management/commands/runserver.py", line 81, in handle
    if not settings.DEBUG and not settings.ALLOWED_HOSTS:
  File "/usr/local/lib/python3.10/site-packages/django/conf/__init__.py", line 102, in __getattr__
    self._setup(name)
  File "/usr/local/lib/python3.10/site-packages/django/conf/__init__.py", line 89, in _setup
    self._wrapped = Settings(settings_module)
  File "/usr/local/lib/python3.10/site-packages/django/conf/__init__.py", line 217, in __init__
    mod = importlib.import_module(self.SETTINGS_MODULE)
  File "/usr/local/lib/python3.10/importlib/__init__.py", line 126, in import_module
    return _bootstrap._gcd_import(name[level:], package, level)
  File "<frozen importlib._bootstrap>", line 1050, in _gcd_import
  File "<frozen importlib._bootstrap>", line 1027, in _find_and_load
  File "<frozen importlib._bootstrap>", line 992, in _find_and_load_unlocked
  File "<frozen importlib._bootstrap>", line 241, in _call_with_frames_removed
  File "<frozen importlib._bootstrap>", line 1050, in _gcd_import
  File "<frozen importlib._bootstrap>", line 1027, in _find_and_load
  File "<frozen importlib._bootstrap>", line 1004, in _find_and_load_unlocked
ModuleNotFoundError: No module named 'cvfactory_project'

During handling of the above exception, another exception occurred:

Traceback (most recent call last):
  File "/app/manage.py", line 78, in main
    execute_from_command_line(sys.argv)
  File "/usr/local/lib/python3.10/site-packages/django/core/management/__init__.py", line 442, in execute_from_command_line
    utility.execute()
  File "/usr/local/lib/python3.10/site-packages/django/core/management/__init__.py", line 436, in execute
    self.fetch_command(subcommand).run_from_argv(self.argv)
  File "/usr/local/lib/python3.10/site-packages/django/core/management/base.py", line 425, in run_from_argv
    connections.close_all()
  File "/usr/local/lib/python3.10/site-packages/django/utils/connection.py", line 84, in close_all
    for conn in self.all(initialized_only=True):
  File "/usr/local/lib/python3.10/site-packages/django/utils/connection.py", line 76, in all
    return [
  File "/usr/local/lib/python3.10/site-packages/django/utils/connection.py", line 73, in __iter__
    return iter(self.settings)
  File "/usr/local/lib/python3.10/site-packages/django/utils/functional.py", line 57, in __get__
    res = instance.__dict__[self.name] = self.func(instance)
  File "/usr/local/lib/python3.10/site-packages/django/utils/connection.py", line 45, in settings
    self._settings = self.configure_settings(self._settings)
  File "/usr/local/lib/python3.10/site-packages/django/db/utils.py", line 148, in configure_settings
    databases = super().configure_settings(databases)
  File "/usr/local/lib/python3.10/site-packages/django/utils/connection.py", line 50, in configure_settings
    settings = getattr(django_settings, self.settings_name)
  File "/usr/local/lib/python3.10/site-packages/django/conf/__init__.py", line 102, in __getattr__
    self._setup(name)
  File "/usr/local/lib/python3.10/site-packages/django/conf/__init__.py", line 89, in _setup
    self._wrapped = Settings(settings_module)
  File "/usr/local/lib/python3.10/site-packages/django/conf/__init__.py", line 217, in __init__
    mod = importlib.import_module(self.SETTINGS_MODULE)
  File "/usr/local/lib/python3.10/importlib/__init__.py", line 126, in import_module
    return _bootstrap._gcd_import(name[level:], package, level)
  File "<frozen importlib._bootstrap>", line 1050, in _gcd_import
  File "<frozen importlib._bootstrap>", line 1027, in _find_and_load
  File "<frozen importlib._bootstrap>", line 992, in _find_and_load_unlocked
  File "<frozen importlib._bootstrap>", line 241, in _call_with_frames_removed
  File "<frozen importlib._bootstrap>", line 1050, in _gcd_import
  File "<frozen importlib._bootstrap>", line 1027, in _find_and_load
  File "<frozen importlib._bootstrap>", line 1004, in _find_and_load_unlocked
ModuleNotFoundError: No module named 'cvfactory_project'

[2025-05-09 09:46:18,609] INFO [root:96] - main() - 실행 시간: 0.60초
[2025-05-09 09:46:18,610] INFO [root:97] - main() - ================================================================================
[2025-05-09 09:46:18,610] CRITICAL [root:109] - <module>() - 치명적 오류: Couldn't import Django. Are you sure it's installed and available on your PYTHONPATH environment variable? Did you forget to activate a virtual environment?
[2025-05-09 09:46:18,611] CRITICAL [root:110] - <module>() - 상세 오류: Traceback (most recent call last):
  File "/usr/local/lib/python3.10/site-packages/django/core/management/base.py", line 412, in run_from_argv
    self.execute(*args, **cmd_options)
  File "/usr/local/lib/python3.10/site-packages/django/core/management/commands/runserver.py", line 74, in execute
    super().execute(*args, **options)
  File "/usr/local/lib/python3.10/site-packages/django/core/management/base.py", line 458, in execute
    output = self.handle(*args, **options)
  File "/usr/local/lib/python3.10/site-packages/django/core/management/commands/runserver.py", line 81, in handle
    if not settings.DEBUG and not settings.ALLOWED_HOSTS:
  File "/usr/local/lib/python3.10/site-packages/django/conf/__init__.py", line 102, in __getattr__
    self._setup(name)
  File "/usr/local/lib/python3.10/site-packages/django/conf/__init__.py", line 89, in _setup
    self._wrapped = Settings(settings_module)
  File "/usr/local/lib/python3.10/site-packages/django/conf/__init__.py", line 217, in __init__
    mod = importlib.import_module(self.SETTINGS_MODULE)
  File "/usr/local/lib/python3.10/importlib/__init__.py", line 126, in import_module
    return _bootstrap._gcd_import(name[level:], package, level)
  File "<frozen importlib._bootstrap>", line 1050, in _gcd_import
  File "<frozen importlib._bootstrap>", line 1027, in _find_and_load
  File "<frozen importlib._bootstrap>", line 992, in _find_and_load_unlocked
  File "<frozen importlib._bootstrap>", line 241, in _call_with_frames_removed
  File "<frozen importlib._bootstrap>", line 1050, in _gcd_import
  File "<frozen importlib._bootstrap>", line 1027, in _find_and_load
  File "<frozen importlib._bootstrap>", line 1004, in _find_and_load_unlocked
ModuleNotFoundError: No module named 'cvfactory_project'

During handling of the above exception, another exception occurred:

Traceback (most recent call last):
  File "/app/manage.py", line 78, in main
    execute_from_command_line(sys.argv)
  File "/usr/local/lib/python3.10/site-packages/django/core/management/__init__.py", line 442, in execute_from_command_line
    utility.execute()
  File "/usr/local/lib/python3.10/site-packages/django/core/management/__init__.py", line 436, in execute
    self.fetch_command(subcommand).run_from_argv(self.argv)
  File "/usr/local/lib/python3.10/site-packages/django/core/management/base.py", line 425, in run_from_argv
    connections.close_all()
  File "/usr/local/lib/python3.10/site-packages/django/utils/connection.py", line 84, in close_all
    for conn in self.all(initialized_only=True):
  File "/usr/local/lib/python3.10/site-packages/django/utils/connection.py", line 76, in all
    return [
  File "/usr/local/lib/python3.10/site-packages/django/utils/connection.py", line 73, in __iter__
    return iter(self.settings)
  File "/usr/local/lib/python3.10/site-packages/django/utils/functional.py", line 57, in __get__
    res = instance.__dict__[self.name] = self.func(instance)
  File "/usr/local/lib/python3.10/site-packages/django/utils/connection.py", line 45, in settings
    self._settings = self.configure_settings(self._settings)
  File "/usr/local/lib/python3.10/site-packages/django/db/utils.py", line 148, in configure_settings
    databases = super().configure_settings(databases)
  File "/usr/local/lib/python3.10/site-packages/django/utils/connection.py", line 50, in configure_settings
    settings = getattr(django_settings, self.settings_name)
  File "/usr/local/lib/python3.10/site-packages/django/conf/__init__.py", line 102, in __getattr__
    self._setup(name)
  File "/usr/local/lib/python3.10/site-packages/django/conf/__init__.py", line 89, in _setup
    self._wrapped = Settings(settings_module)
  File "/usr/local/lib/python3.10/site-packages/django/conf/__init__.py", line 217, in __init__
    mod = importlib.import_module(self.SETTINGS_MODULE)
  File "/usr/local/lib/python3.10/importlib/__init__.py", line 126, in import_module
    return _bootstrap._gcd_import(name[level:], package, level)
  File "<frozen importlib._bootstrap>", line 1050, in _gcd_import
  File "<frozen importlib._bootstrap>", line 1027, in _find_and_load
  File "<frozen importlib._bootstrap>", line 992, in _find_and_load_unlocked
  File "<frozen importlib._bootstrap>", line 241, in _call_with_frames_removed
  File "<frozen importlib._bootstrap>", line 1050, in _gcd_import
  File "<frozen importlib._bootstrap>", line 1027, in _find_and_load
  File "<frozen importlib._bootstrap>", line 1004, in _find_and_load_unlocked
ModuleNotFoundError: No module named 'cvfactory_project'

The above exception was the direct cause of the following exception:

Traceback (most recent call last):
  File "/app/manage.py", line 105, in <module>
    main()
  File "/app/manage.py", line 88, in main
    raise ImportError(error_msg) from exc
ImportError: Couldn't import Django. Are you sure it's installed and available on your PYTHONPATH environment variable? Did you forget to activate a virtual environment?

